

Started GET "/" for ::1 at 2016-01-09 13:14:37 -0800
Processing by Rails::WelcomeController#index as HTML
  Rendered /Users/moon/.rbenv/versions/2.2.2/lib/ruby/gems/2.2.0/gems/railties-4.2.4/lib/rails/templates/rails/welcome/index.html.erb (2.8ms)
Completed 200 OK in 26ms (Views: 15.4ms | ActiveRecord: 0.0ms)


Started GET "/" for ::1 at 2016-01-09 13:17:58 -0800
Processing by Rails::WelcomeController#index as HTML
  Rendered /Users/moon/.rbenv/versions/2.2.2/lib/ruby/gems/2.2.0/gems/railties-4.2.4/lib/rails/templates/rails/welcome/index.html.erb (0.1ms)
Completed 200 OK in 3ms (Views: 3.1ms | ActiveRecord: 0.0ms)


Started GET "/" for ::1 at 2016-01-09 13:19:04 -0800
Processing by PersonalityController#index as HTML
  Rendered personality/index.html.erb within layouts/application (0.3ms)
Completed 200 OK in 1584ms (Views: 1583.4ms | ActiveRecord: 0.0ms)


Started GET "/assets/favorites.self-e3b0c44298fc1c149afbf4c8996fb92427ae41e4649b934ca495991b7852b855.css?body=1" for ::1 at 2016-01-09 13:19:05 -0800


Started GET "/assets/session.self-e3b0c44298fc1c149afbf4c8996fb92427ae41e4649b934ca495991b7852b855.css?body=1" for ::1 at 2016-01-09 13:19:05 -0800


Started GET "/assets/personality.self-e3b0c44298fc1c149afbf4c8996fb92427ae41e4649b934ca495991b7852b855.css?body=1" for ::1 at 2016-01-09 13:19:05 -0800


Started GET "/assets/user.self-e3b0c44298fc1c149afbf4c8996fb92427ae41e4649b934ca495991b7852b855.css?body=1" for ::1 at 2016-01-09 13:19:05 -0800


Started GET "/assets/comments.self-e3b0c44298fc1c149afbf4c8996fb92427ae41e4649b934ca495991b7852b855.css?body=1" for ::1 at 2016-01-09 13:19:05 -0800


Started GET "/assets/favorites.self-877aef30ae1b040ab8a3aba4e3e309a11d7f2612f44dde450b5c157aa5f95c05.js?body=1" for ::1 at 2016-01-09 13:19:05 -0800


Started GET "/assets/application.self-e80e8f2318043e8af94dddc2adad5a4f09739a8ebb323b3ab31cd71d45fd9113.css?body=1" for ::1 at 2016-01-09 13:19:05 -0800


Started GET "/assets/jquery_ujs.self-d456baa54c1fa6be2ec3711f0a72ddf7a5b2f34a6b4f515f33767d6207b7d4b3.js?body=1" for ::1 at 2016-01-09 13:19:05 -0800


Started GET "/assets/comments.self-877aef30ae1b040ab8a3aba4e3e309a11d7f2612f44dde450b5c157aa5f95c05.js?body=1" for ::1 at 2016-01-09 13:19:05 -0800


Started GET "/assets/jquery.self-a714331225dda820228db323939889f149aec0127aeb06255646b616ba1ca419.js?body=1" for ::1 at 2016-01-09 13:19:05 -0800


Started GET "/assets/turbolinks.self-c37727e9bd6b2735da5c311aa83fead54ed0be6cc8bd9a65309e9c5abe2cbfff.js?body=1" for ::1 at 2016-01-09 13:19:05 -0800


Started GET "/assets/personality.self-877aef30ae1b040ab8a3aba4e3e309a11d7f2612f44dde450b5c157aa5f95c05.js?body=1" for ::1 at 2016-01-09 13:19:05 -0800


Started GET "/assets/session.self-877aef30ae1b040ab8a3aba4e3e309a11d7f2612f44dde450b5c157aa5f95c05.js?body=1" for ::1 at 2016-01-09 13:19:05 -0800


Started GET "/assets/user.self-877aef30ae1b040ab8a3aba4e3e309a11d7f2612f44dde450b5c157aa5f95c05.js?body=1" for ::1 at 2016-01-09 13:19:05 -0800


Started GET "/assets/d3.self-de547d79079192efe0f56942aa0b304a1454067e9d216303f9859536532034e3.js?body=1" for ::1 at 2016-01-09 13:19:05 -0800


Started GET "/assets/application.self-bfe61b9b766cbfcbf294e8c1974e366df9ab267f2bd9a2b171155a3c5702a275.js?body=1" for ::1 at 2016-01-09 13:19:05 -0800


Started GET "/" for ::1 at 2016-01-09 13:20:03 -0800
Processing by PersonalityController#index as HTML
  Rendered personality/index.html.erb within layouts/application (0.5ms)
Completed 200 OK in 137ms (Views: 136.8ms | ActiveRecord: 0.0ms)


Started GET "/assets/comments.self-e3b0c44298fc1c149afbf4c8996fb92427ae41e4649b934ca495991b7852b855.css?body=1" for ::1 at 2016-01-09 13:20:03 -0800


Started GET "/assets/favorites.self-e3b0c44298fc1c149afbf4c8996fb92427ae41e4649b934ca495991b7852b855.css?body=1" for ::1 at 2016-01-09 13:20:03 -0800


Started GET "/assets/personality.self-e3b0c44298fc1c149afbf4c8996fb92427ae41e4649b934ca495991b7852b855.css?body=1" for ::1 at 2016-01-09 13:20:03 -0800


Started GET "/assets/session.self-e3b0c44298fc1c149afbf4c8996fb92427ae41e4649b934ca495991b7852b855.css?body=1" for ::1 at 2016-01-09 13:20:03 -0800


Started GET "/assets/user.self-e3b0c44298fc1c149afbf4c8996fb92427ae41e4649b934ca495991b7852b855.css?body=1" for ::1 at 2016-01-09 13:20:03 -0800


Started GET "/assets/application.self-e80e8f2318043e8af94dddc2adad5a4f09739a8ebb323b3ab31cd71d45fd9113.css?body=1" for ::1 at 2016-01-09 13:20:03 -0800


Started GET "/assets/jquery.self-a714331225dda820228db323939889f149aec0127aeb06255646b616ba1ca419.js?body=1" for ::1 at 2016-01-09 13:20:03 -0800


Started GET "/assets/jquery_ujs.self-d456baa54c1fa6be2ec3711f0a72ddf7a5b2f34a6b4f515f33767d6207b7d4b3.js?body=1" for ::1 at 2016-01-09 13:20:03 -0800


Started GET "/assets/turbolinks.self-c37727e9bd6b2735da5c311aa83fead54ed0be6cc8bd9a65309e9c5abe2cbfff.js?body=1" for ::1 at 2016-01-09 13:20:03 -0800


Started GET "/assets/comments.self-877aef30ae1b040ab8a3aba4e3e309a11d7f2612f44dde450b5c157aa5f95c05.js?body=1" for ::1 at 2016-01-09 13:20:03 -0800


Started GET "/assets/favorites.self-877aef30ae1b040ab8a3aba4e3e309a11d7f2612f44dde450b5c157aa5f95c05.js?body=1" for ::1 at 2016-01-09 13:20:03 -0800


Started GET "/assets/personality.self-877aef30ae1b040ab8a3aba4e3e309a11d7f2612f44dde450b5c157aa5f95c05.js?body=1" for ::1 at 2016-01-09 13:20:03 -0800


Started GET "/assets/session.self-877aef30ae1b040ab8a3aba4e3e309a11d7f2612f44dde450b5c157aa5f95c05.js?body=1" for ::1 at 2016-01-09 13:20:03 -0800


Started GET "/assets/user.self-877aef30ae1b040ab8a3aba4e3e309a11d7f2612f44dde450b5c157aa5f95c05.js?body=1" for ::1 at 2016-01-09 13:20:03 -0800


Started GET "/assets/application.self-20c330b081c08a944c05a342bce18a23d1dd5f5ee881a8c1e20e15b5a7eee9c1.js?body=1" for ::1 at 2016-01-09 13:20:03 -0800


Started GET "/assets/d3.self-de547d79079192efe0f56942aa0b304a1454067e9d216303f9859536532034e3.js?body=1" for ::1 at 2016-01-09 13:20:03 -0800


Started GET "/" for ::1 at 2016-01-09 13:21:21 -0800
Processing by PersonalityController#index as HTML
  Rendered personality/index.html.erb within layouts/application (0.0ms)
Completed 200 OK in 148ms (Views: 147.6ms | ActiveRecord: 0.0ms)


Started GET "/assets/comments.self-e3b0c44298fc1c149afbf4c8996fb92427ae41e4649b934ca495991b7852b855.css?body=1" for ::1 at 2016-01-09 13:21:21 -0800


Started GET "/assets/jquery.self-a714331225dda820228db323939889f149aec0127aeb06255646b616ba1ca419.js?body=1" for ::1 at 2016-01-09 13:21:21 -0800


Started GET "/assets/personality.self-e3b0c44298fc1c149afbf4c8996fb92427ae41e4649b934ca495991b7852b855.css?body=1" for ::1 at 2016-01-09 13:21:21 -0800


Started GET "/assets/favorites.self-e3b0c44298fc1c149afbf4c8996fb92427ae41e4649b934ca495991b7852b855.css?body=1" for ::1 at 2016-01-09 13:21:21 -0800


Started GET "/assets/session.self-e3b0c44298fc1c149afbf4c8996fb92427ae41e4649b934ca495991b7852b855.css?body=1" for ::1 at 2016-01-09 13:21:21 -0800


Started GET "/assets/jquery_ujs.self-d456baa54c1fa6be2ec3711f0a72ddf7a5b2f34a6b4f515f33767d6207b7d4b3.js?body=1" for ::1 at 2016-01-09 13:21:21 -0800


Started GET "/assets/user.self-e3b0c44298fc1c149afbf4c8996fb92427ae41e4649b934ca495991b7852b855.css?body=1" for ::1 at 2016-01-09 13:21:21 -0800


Started GET "/assets/application.self-e80e8f2318043e8af94dddc2adad5a4f09739a8ebb323b3ab31cd71d45fd9113.css?body=1" for ::1 at 2016-01-09 13:21:21 -0800


Started GET "/assets/turbolinks.self-c37727e9bd6b2735da5c311aa83fead54ed0be6cc8bd9a65309e9c5abe2cbfff.js?body=1" for ::1 at 2016-01-09 13:21:21 -0800


Started GET "/assets/comments.self-877aef30ae1b040ab8a3aba4e3e309a11d7f2612f44dde450b5c157aa5f95c05.js?body=1" for ::1 at 2016-01-09 13:21:21 -0800


Started GET "/assets/favorites.self-877aef30ae1b040ab8a3aba4e3e309a11d7f2612f44dde450b5c157aa5f95c05.js?body=1" for ::1 at 2016-01-09 13:21:21 -0800


Started GET "/assets/personality.self-877aef30ae1b040ab8a3aba4e3e309a11d7f2612f44dde450b5c157aa5f95c05.js?body=1" for ::1 at 2016-01-09 13:21:21 -0800


Started GET "/assets/session.self-877aef30ae1b040ab8a3aba4e3e309a11d7f2612f44dde450b5c157aa5f95c05.js?body=1" for ::1 at 2016-01-09 13:21:21 -0800


Started GET "/assets/user.self-877aef30ae1b040ab8a3aba4e3e309a11d7f2612f44dde450b5c157aa5f95c05.js?body=1" for ::1 at 2016-01-09 13:21:21 -0800


Started GET "/assets/d3.self-de547d79079192efe0f56942aa0b304a1454067e9d216303f9859536532034e3.js?body=1" for ::1 at 2016-01-09 13:21:21 -0800


Started GET "/assets/application.self-488c2f861041c2c5d6ede311e5143a2697fdc179c59679cc60fbe023d1b8cdb4.js?body=1" for ::1 at 2016-01-09 13:21:21 -0800


Started GET "/" for ::1 at 2016-01-09 13:22:07 -0800
Processing by PersonalityController#index as HTML
  Rendered personality/index.html.erb within layouts/application (0.0ms)
Completed 200 OK in 132ms (Views: 131.8ms | ActiveRecord: 0.0ms)


Started GET "/assets/favorites.self-e3b0c44298fc1c149afbf4c8996fb92427ae41e4649b934ca495991b7852b855.css?body=1" for ::1 at 2016-01-09 13:22:08 -0800


Started GET "/assets/user.self-e3b0c44298fc1c149afbf4c8996fb92427ae41e4649b934ca495991b7852b855.css?body=1" for ::1 at 2016-01-09 13:22:08 -0800


Started GET "/assets/personality.self-e3b0c44298fc1c149afbf4c8996fb92427ae41e4649b934ca495991b7852b855.css?body=1" for ::1 at 2016-01-09 13:22:08 -0800


Started GET "/assets/session.self-e3b0c44298fc1c149afbf4c8996fb92427ae41e4649b934ca495991b7852b855.css?body=1" for ::1 at 2016-01-09 13:22:08 -0800


Started GET "/assets/jquery.self-a714331225dda820228db323939889f149aec0127aeb06255646b616ba1ca419.js?body=1" for ::1 at 2016-01-09 13:22:08 -0800


Started GET "/assets/comments.self-e3b0c44298fc1c149afbf4c8996fb92427ae41e4649b934ca495991b7852b855.css?body=1" for ::1 at 2016-01-09 13:22:08 -0800


Started GET "/assets/application.self-e80e8f2318043e8af94dddc2adad5a4f09739a8ebb323b3ab31cd71d45fd9113.css?body=1" for ::1 at 2016-01-09 13:22:08 -0800


Started GET "/assets/jquery_ujs.self-d456baa54c1fa6be2ec3711f0a72ddf7a5b2f34a6b4f515f33767d6207b7d4b3.js?body=1" for ::1 at 2016-01-09 13:22:08 -0800


Started GET "/assets/turbolinks.self-c37727e9bd6b2735da5c311aa83fead54ed0be6cc8bd9a65309e9c5abe2cbfff.js?body=1" for ::1 at 2016-01-09 13:22:08 -0800


Started GET "/assets/comments.self-877aef30ae1b040ab8a3aba4e3e309a11d7f2612f44dde450b5c157aa5f95c05.js?body=1" for ::1 at 2016-01-09 13:22:08 -0800


Started GET "/assets/favorites.self-877aef30ae1b040ab8a3aba4e3e309a11d7f2612f44dde450b5c157aa5f95c05.js?body=1" for ::1 at 2016-01-09 13:22:08 -0800


Started GET "/assets/personality.self-877aef30ae1b040ab8a3aba4e3e309a11d7f2612f44dde450b5c157aa5f95c05.js?body=1" for ::1 at 2016-01-09 13:22:08 -0800


Started GET "/assets/application.self-6a67cdb527d4491f0a62d27967608ad5c253f7176899307e613e336eab97b960.js?body=1" for ::1 at 2016-01-09 13:22:08 -0800


Started GET "/assets/session.self-877aef30ae1b040ab8a3aba4e3e309a11d7f2612f44dde450b5c157aa5f95c05.js?body=1" for ::1 at 2016-01-09 13:22:08 -0800


Started GET "/assets/user.self-877aef30ae1b040ab8a3aba4e3e309a11d7f2612f44dde450b5c157aa5f95c05.js?body=1" for ::1 at 2016-01-09 13:22:08 -0800


Started GET "/assets/d3.self-de547d79079192efe0f56942aa0b304a1454067e9d216303f9859536532034e3.js?body=1" for ::1 at 2016-01-09 13:22:08 -0800


Started GET "/" for ::1 at 2016-01-09 13:32:00 -0800
Processing by PersonalityController#index as HTML
  Rendered personality/index.html.erb within layouts/application (0.0ms)
Completed 200 OK in 148ms (Views: 147.3ms | ActiveRecord: 0.0ms)


Started GET "/assets/application.self-01387aa2289502ba2f70ac4dafb4028323715a7311d4d76cf7264a969652ed64.js?body=1" for ::1 at 2016-01-09 13:32:00 -0800


Started GET "/" for ::1 at 2016-01-09 13:42:34 -0800
Processing by PersonalityController#index as HTML
  Rendered personality/index.html.erb within layouts/application (0.0ms)
Completed 200 OK in 139ms (Views: 138.5ms | ActiveRecord: 0.0ms)


Started GET "/assets/comments.self-e3b0c44298fc1c149afbf4c8996fb92427ae41e4649b934ca495991b7852b855.css?body=1" for ::1 at 2016-01-09 13:42:34 -0800


Started GET "/assets/session.self-e3b0c44298fc1c149afbf4c8996fb92427ae41e4649b934ca495991b7852b855.css?body=1" for ::1 at 2016-01-09 13:42:34 -0800


Started GET "/assets/application.self-e80e8f2318043e8af94dddc2adad5a4f09739a8ebb323b3ab31cd71d45fd9113.css?body=1" for ::1 at 2016-01-09 13:42:34 -0800


Started GET "/assets/personality.self-e3b0c44298fc1c149afbf4c8996fb92427ae41e4649b934ca495991b7852b855.css?body=1" for ::1 at 2016-01-09 13:42:34 -0800


Started GET "/assets/user.self-e3b0c44298fc1c149afbf4c8996fb92427ae41e4649b934ca495991b7852b855.css?body=1" for ::1 at 2016-01-09 13:42:34 -0800


Started GET "/assets/favorites.self-e3b0c44298fc1c149afbf4c8996fb92427ae41e4649b934ca495991b7852b855.css?body=1" for ::1 at 2016-01-09 13:42:34 -0800


Started GET "/assets/jquery.self-a714331225dda820228db323939889f149aec0127aeb06255646b616ba1ca419.js?body=1" for ::1 at 2016-01-09 13:42:34 -0800


Started GET "/assets/jquery_ujs.self-d456baa54c1fa6be2ec3711f0a72ddf7a5b2f34a6b4f515f33767d6207b7d4b3.js?body=1" for ::1 at 2016-01-09 13:42:34 -0800


Started GET "/assets/turbolinks.self-c37727e9bd6b2735da5c311aa83fead54ed0be6cc8bd9a65309e9c5abe2cbfff.js?body=1" for ::1 at 2016-01-09 13:42:34 -0800


Started GET "/assets/comments.self-877aef30ae1b040ab8a3aba4e3e309a11d7f2612f44dde450b5c157aa5f95c05.js?body=1" for ::1 at 2016-01-09 13:42:34 -0800


Started GET "/assets/favorites.self-877aef30ae1b040ab8a3aba4e3e309a11d7f2612f44dde450b5c157aa5f95c05.js?body=1" for ::1 at 2016-01-09 13:42:34 -0800


Started GET "/assets/application.self-ab26140d73f994066f794f646b0783c5471287822c420d8428e729114e727d90.js?body=1" for ::1 at 2016-01-09 13:42:34 -0800


Started GET "/assets/personality.self-877aef30ae1b040ab8a3aba4e3e309a11d7f2612f44dde450b5c157aa5f95c05.js?body=1" for ::1 at 2016-01-09 13:42:34 -0800


Started GET "/assets/session.self-877aef30ae1b040ab8a3aba4e3e309a11d7f2612f44dde450b5c157aa5f95c05.js?body=1" for ::1 at 2016-01-09 13:42:34 -0800


Started GET "/assets/user.self-877aef30ae1b040ab8a3aba4e3e309a11d7f2612f44dde450b5c157aa5f95c05.js?body=1" for ::1 at 2016-01-09 13:42:34 -0800


Started GET "/assets/d3.self-de547d79079192efe0f56942aa0b304a1454067e9d216303f9859536532034e3.js?body=1" for ::1 at 2016-01-09 13:42:34 -0800


Started GET "/" for ::1 at 2016-01-09 13:42:54 -0800
Processing by PersonalityController#index as HTML
  Rendered personality/index.html.erb within layouts/application (0.0ms)
Completed 200 OK in 122ms (Views: 121.5ms | ActiveRecord: 0.0ms)


Started GET "/assets/favorites.self-e3b0c44298fc1c149afbf4c8996fb92427ae41e4649b934ca495991b7852b855.css?body=1" for ::1 at 2016-01-09 13:42:54 -0800


Started GET "/assets/application.self-e80e8f2318043e8af94dddc2adad5a4f09739a8ebb323b3ab31cd71d45fd9113.css?body=1" for ::1 at 2016-01-09 13:42:54 -0800


Started GET "/assets/comments.self-e3b0c44298fc1c149afbf4c8996fb92427ae41e4649b934ca495991b7852b855.css?body=1" for ::1 at 2016-01-09 13:42:54 -0800


Started GET "/assets/session.self-e3b0c44298fc1c149afbf4c8996fb92427ae41e4649b934ca495991b7852b855.css?body=1" for ::1 at 2016-01-09 13:42:54 -0800


Started GET "/assets/personality.self-e3b0c44298fc1c149afbf4c8996fb92427ae41e4649b934ca495991b7852b855.css?body=1" for ::1 at 2016-01-09 13:42:54 -0800


Started GET "/assets/user.self-e3b0c44298fc1c149afbf4c8996fb92427ae41e4649b934ca495991b7852b855.css?body=1" for ::1 at 2016-01-09 13:42:54 -0800


Started GET "/assets/jquery.self-a714331225dda820228db323939889f149aec0127aeb06255646b616ba1ca419.js?body=1" for ::1 at 2016-01-09 13:42:54 -0800


Started GET "/assets/jquery_ujs.self-d456baa54c1fa6be2ec3711f0a72ddf7a5b2f34a6b4f515f33767d6207b7d4b3.js?body=1" for ::1 at 2016-01-09 13:42:54 -0800


Started GET "/assets/turbolinks.self-c37727e9bd6b2735da5c311aa83fead54ed0be6cc8bd9a65309e9c5abe2cbfff.js?body=1" for ::1 at 2016-01-09 13:42:54 -0800


Started GET "/assets/comments.self-877aef30ae1b040ab8a3aba4e3e309a11d7f2612f44dde450b5c157aa5f95c05.js?body=1" for ::1 at 2016-01-09 13:42:54 -0800


Started GET "/assets/favorites.self-877aef30ae1b040ab8a3aba4e3e309a11d7f2612f44dde450b5c157aa5f95c05.js?body=1" for ::1 at 2016-01-09 13:42:54 -0800


Started GET "/assets/personality.self-877aef30ae1b040ab8a3aba4e3e309a11d7f2612f44dde450b5c157aa5f95c05.js?body=1" for ::1 at 2016-01-09 13:42:54 -0800


Started GET "/assets/session.self-877aef30ae1b040ab8a3aba4e3e309a11d7f2612f44dde450b5c157aa5f95c05.js?body=1" for ::1 at 2016-01-09 13:42:54 -0800


Started GET "/assets/user.self-877aef30ae1b040ab8a3aba4e3e309a11d7f2612f44dde450b5c157aa5f95c05.js?body=1" for ::1 at 2016-01-09 13:42:54 -0800


Started GET "/assets/application.self-38a549ea98d8635e33c208c3d6f4ad346bbadd1fef6364c4e5044ee117b7af2d.js?body=1" for ::1 at 2016-01-09 13:42:54 -0800


Started GET "/assets/d3.self-de547d79079192efe0f56942aa0b304a1454067e9d216303f9859536532034e3.js?body=1" for ::1 at 2016-01-09 13:42:54 -0800


Started GET "/" for ::1 at 2016-01-09 13:43:07 -0800
Processing by PersonalityController#index as HTML
  Rendered personality/index.html.erb within layouts/application (0.0ms)
Completed 200 OK in 119ms (Views: 118.1ms | ActiveRecord: 0.0ms)


Started GET "/assets/comments.self-e3b0c44298fc1c149afbf4c8996fb92427ae41e4649b934ca495991b7852b855.css?body=1" for ::1 at 2016-01-09 13:43:08 -0800


Started GET "/assets/favorites.self-e3b0c44298fc1c149afbf4c8996fb92427ae41e4649b934ca495991b7852b855.css?body=1" for ::1 at 2016-01-09 13:43:08 -0800


Started GET "/assets/personality.self-e3b0c44298fc1c149afbf4c8996fb92427ae41e4649b934ca495991b7852b855.css?body=1" for ::1 at 2016-01-09 13:43:08 -0800


Started GET "/assets/user.self-e3b0c44298fc1c149afbf4c8996fb92427ae41e4649b934ca495991b7852b855.css?body=1" for ::1 at 2016-01-09 13:43:08 -0800


Started GET "/assets/application.self-e80e8f2318043e8af94dddc2adad5a4f09739a8ebb323b3ab31cd71d45fd9113.css?body=1" for ::1 at 2016-01-09 13:43:08 -0800


Started GET "/assets/session.self-e3b0c44298fc1c149afbf4c8996fb92427ae41e4649b934ca495991b7852b855.css?body=1" for ::1 at 2016-01-09 13:43:08 -0800


Started GET "/assets/jquery.self-a714331225dda820228db323939889f149aec0127aeb06255646b616ba1ca419.js?body=1" for ::1 at 2016-01-09 13:43:08 -0800


Started GET "/assets/jquery_ujs.self-d456baa54c1fa6be2ec3711f0a72ddf7a5b2f34a6b4f515f33767d6207b7d4b3.js?body=1" for ::1 at 2016-01-09 13:43:08 -0800


Started GET "/assets/turbolinks.self-c37727e9bd6b2735da5c311aa83fead54ed0be6cc8bd9a65309e9c5abe2cbfff.js?body=1" for ::1 at 2016-01-09 13:43:08 -0800


Started GET "/assets/comments.self-877aef30ae1b040ab8a3aba4e3e309a11d7f2612f44dde450b5c157aa5f95c05.js?body=1" for ::1 at 2016-01-09 13:43:08 -0800


Started GET "/assets/favorites.self-877aef30ae1b040ab8a3aba4e3e309a11d7f2612f44dde450b5c157aa5f95c05.js?body=1" for ::1 at 2016-01-09 13:43:08 -0800


Started GET "/assets/personality.self-877aef30ae1b040ab8a3aba4e3e309a11d7f2612f44dde450b5c157aa5f95c05.js?body=1" for ::1 at 2016-01-09 13:43:08 -0800


Started GET "/assets/session.self-877aef30ae1b040ab8a3aba4e3e309a11d7f2612f44dde450b5c157aa5f95c05.js?body=1" for ::1 at 2016-01-09 13:43:08 -0800


Started GET "/assets/user.self-877aef30ae1b040ab8a3aba4e3e309a11d7f2612f44dde450b5c157aa5f95c05.js?body=1" for ::1 at 2016-01-09 13:43:08 -0800


Started GET "/assets/d3.self-de547d79079192efe0f56942aa0b304a1454067e9d216303f9859536532034e3.js?body=1" for ::1 at 2016-01-09 13:43:08 -0800


Started GET "/assets/application.self-820c8ba7253d76efd3687bd0bd3743932934a245bc4115111730f35ce96a4c62.js?body=1" for ::1 at 2016-01-09 13:43:08 -0800


Started GET "/" for ::1 at 2016-01-09 13:43:34 -0800
Processing by PersonalityController#index as HTML
  Rendered personality/index.html.erb within layouts/application (0.0ms)
Completed 200 OK in 114ms (Views: 113.4ms | ActiveRecord: 0.0ms)


Started GET "/assets/comments.self-e3b0c44298fc1c149afbf4c8996fb92427ae41e4649b934ca495991b7852b855.css?body=1" for ::1 at 2016-01-09 13:43:34 -0800


Started GET "/assets/favorites.self-e3b0c44298fc1c149afbf4c8996fb92427ae41e4649b934ca495991b7852b855.css?body=1" for ::1 at 2016-01-09 13:43:34 -0800


Started GET "/assets/application.self-e80e8f2318043e8af94dddc2adad5a4f09739a8ebb323b3ab31cd71d45fd9113.css?body=1" for ::1 at 2016-01-09 13:43:34 -0800


Started GET "/assets/user.self-e3b0c44298fc1c149afbf4c8996fb92427ae41e4649b934ca495991b7852b855.css?body=1" for ::1 at 2016-01-09 13:43:34 -0800


Started GET "/assets/jquery.self-a714331225dda820228db323939889f149aec0127aeb06255646b616ba1ca419.js?body=1" for ::1 at 2016-01-09 13:43:34 -0800


Started GET "/assets/session.self-e3b0c44298fc1c149afbf4c8996fb92427ae41e4649b934ca495991b7852b855.css?body=1" for ::1 at 2016-01-09 13:43:34 -0800


Started GET "/assets/personality.self-e3b0c44298fc1c149afbf4c8996fb92427ae41e4649b934ca495991b7852b855.css?body=1" for ::1 at 2016-01-09 13:43:34 -0800


Started GET "/assets/jquery_ujs.self-d456baa54c1fa6be2ec3711f0a72ddf7a5b2f34a6b4f515f33767d6207b7d4b3.js?body=1" for ::1 at 2016-01-09 13:43:34 -0800


Started GET "/assets/turbolinks.self-c37727e9bd6b2735da5c311aa83fead54ed0be6cc8bd9a65309e9c5abe2cbfff.js?body=1" for ::1 at 2016-01-09 13:43:34 -0800


Started GET "/assets/comments.self-877aef30ae1b040ab8a3aba4e3e309a11d7f2612f44dde450b5c157aa5f95c05.js?body=1" for ::1 at 2016-01-09 13:43:34 -0800


Started GET "/assets/favorites.self-877aef30ae1b040ab8a3aba4e3e309a11d7f2612f44dde450b5c157aa5f95c05.js?body=1" for ::1 at 2016-01-09 13:43:34 -0800


Started GET "/assets/personality.self-877aef30ae1b040ab8a3aba4e3e309a11d7f2612f44dde450b5c157aa5f95c05.js?body=1" for ::1 at 2016-01-09 13:43:34 -0800


Started GET "/assets/application.self-959703d94bed47c70e25cb1bfd554f99960f723287638663e168f6f9246e4822.js?body=1" for ::1 at 2016-01-09 13:43:34 -0800


Started GET "/assets/session.self-877aef30ae1b040ab8a3aba4e3e309a11d7f2612f44dde450b5c157aa5f95c05.js?body=1" for ::1 at 2016-01-09 13:43:34 -0800


Started GET "/assets/user.self-877aef30ae1b040ab8a3aba4e3e309a11d7f2612f44dde450b5c157aa5f95c05.js?body=1" for ::1 at 2016-01-09 13:43:34 -0800


Started GET "/assets/d3.self-de547d79079192efe0f56942aa0b304a1454067e9d216303f9859536532034e3.js?body=1" for ::1 at 2016-01-09 13:43:34 -0800


Started GET "/" for ::1 at 2016-01-09 13:43:48 -0800
Processing by PersonalityController#index as HTML
  Rendered personality/index.html.erb within layouts/application (0.3ms)
Completed 200 OK in 21ms (Views: 21.1ms | ActiveRecord: 0.0ms)


Started GET "/assets/comments.self-e3b0c44298fc1c149afbf4c8996fb92427ae41e4649b934ca495991b7852b855.css?body=1" for ::1 at 2016-01-09 13:43:48 -0800


Started GET "/assets/favorites.self-e3b0c44298fc1c149afbf4c8996fb92427ae41e4649b934ca495991b7852b855.css?body=1" for ::1 at 2016-01-09 13:43:48 -0800


Started GET "/assets/personality.self-e3b0c44298fc1c149afbf4c8996fb92427ae41e4649b934ca495991b7852b855.css?body=1" for ::1 at 2016-01-09 13:43:48 -0800


Started GET "/assets/user.self-e3b0c44298fc1c149afbf4c8996fb92427ae41e4649b934ca495991b7852b855.css?body=1" for ::1 at 2016-01-09 13:43:48 -0800


Started GET "/assets/session.self-e3b0c44298fc1c149afbf4c8996fb92427ae41e4649b934ca495991b7852b855.css?body=1" for ::1 at 2016-01-09 13:43:48 -0800


Started GET "/assets/application.self-e80e8f2318043e8af94dddc2adad5a4f09739a8ebb323b3ab31cd71d45fd9113.css?body=1" for ::1 at 2016-01-09 13:43:48 -0800


Started GET "/assets/jquery.self-a714331225dda820228db323939889f149aec0127aeb06255646b616ba1ca419.js?body=1" for ::1 at 2016-01-09 13:43:48 -0800


Started GET "/assets/jquery_ujs.self-d456baa54c1fa6be2ec3711f0a72ddf7a5b2f34a6b4f515f33767d6207b7d4b3.js?body=1" for ::1 at 2016-01-09 13:43:48 -0800


Started GET "/assets/turbolinks.self-c37727e9bd6b2735da5c311aa83fead54ed0be6cc8bd9a65309e9c5abe2cbfff.js?body=1" for ::1 at 2016-01-09 13:43:48 -0800


Started GET "/assets/comments.self-877aef30ae1b040ab8a3aba4e3e309a11d7f2612f44dde450b5c157aa5f95c05.js?body=1" for ::1 at 2016-01-09 13:43:48 -0800


Started GET "/assets/favorites.self-877aef30ae1b040ab8a3aba4e3e309a11d7f2612f44dde450b5c157aa5f95c05.js?body=1" for ::1 at 2016-01-09 13:43:48 -0800


Started GET "/assets/personality.self-877aef30ae1b040ab8a3aba4e3e309a11d7f2612f44dde450b5c157aa5f95c05.js?body=1" for ::1 at 2016-01-09 13:43:48 -0800


Started GET "/assets/session.self-877aef30ae1b040ab8a3aba4e3e309a11d7f2612f44dde450b5c157aa5f95c05.js?body=1" for ::1 at 2016-01-09 13:43:49 -0800


Started GET "/assets/user.self-877aef30ae1b040ab8a3aba4e3e309a11d7f2612f44dde450b5c157aa5f95c05.js?body=1" for ::1 at 2016-01-09 13:43:49 -0800


Started GET "/assets/d3.self-de547d79079192efe0f56942aa0b304a1454067e9d216303f9859536532034e3.js?body=1" for ::1 at 2016-01-09 13:43:49 -0800


Started GET "/assets/application.self-959703d94bed47c70e25cb1bfd554f99960f723287638663e168f6f9246e4822.js?body=1" for ::1 at 2016-01-09 13:43:49 -0800


Started GET "/" for ::1 at 2016-01-09 13:47:57 -0800
Processing by PersonalityController#index as HTML
  Rendered personality/index.html.erb within layouts/application (0.0ms)
Completed 200 OK in 118ms (Views: 117.4ms | ActiveRecord: 0.0ms)


Started GET "/assets/comments.self-e3b0c44298fc1c149afbf4c8996fb92427ae41e4649b934ca495991b7852b855.css?body=1" for ::1 at 2016-01-09 13:47:57 -0800


Started GET "/assets/favorites.self-e3b0c44298fc1c149afbf4c8996fb92427ae41e4649b934ca495991b7852b855.css?body=1" for ::1 at 2016-01-09 13:47:57 -0800


Started GET "/assets/jquery.self-a714331225dda820228db323939889f149aec0127aeb06255646b616ba1ca419.js?body=1" for ::1 at 2016-01-09 13:47:57 -0800


Started GET "/assets/user.self-e3b0c44298fc1c149afbf4c8996fb92427ae41e4649b934ca495991b7852b855.css?body=1" for ::1 at 2016-01-09 13:47:57 -0800


Started GET "/assets/personality.self-e3b0c44298fc1c149afbf4c8996fb92427ae41e4649b934ca495991b7852b855.css?body=1" for ::1 at 2016-01-09 13:47:57 -0800


Started GET "/assets/session.self-e3b0c44298fc1c149afbf4c8996fb92427ae41e4649b934ca495991b7852b855.css?body=1" for ::1 at 2016-01-09 13:47:57 -0800


Started GET "/assets/application.self-e80e8f2318043e8af94dddc2adad5a4f09739a8ebb323b3ab31cd71d45fd9113.css?body=1" for ::1 at 2016-01-09 13:47:57 -0800


Started GET "/assets/jquery_ujs.self-d456baa54c1fa6be2ec3711f0a72ddf7a5b2f34a6b4f515f33767d6207b7d4b3.js?body=1" for ::1 at 2016-01-09 13:47:57 -0800


Started GET "/assets/turbolinks.self-c37727e9bd6b2735da5c311aa83fead54ed0be6cc8bd9a65309e9c5abe2cbfff.js?body=1" for ::1 at 2016-01-09 13:47:57 -0800


Started GET "/assets/comments.self-877aef30ae1b040ab8a3aba4e3e309a11d7f2612f44dde450b5c157aa5f95c05.js?body=1" for ::1 at 2016-01-09 13:47:57 -0800


Started GET "/assets/favorites.self-877aef30ae1b040ab8a3aba4e3e309a11d7f2612f44dde450b5c157aa5f95c05.js?body=1" for ::1 at 2016-01-09 13:47:57 -0800


Started GET "/assets/personality.self-877aef30ae1b040ab8a3aba4e3e309a11d7f2612f44dde450b5c157aa5f95c05.js?body=1" for ::1 at 2016-01-09 13:47:57 -0800


Started GET "/assets/session.self-877aef30ae1b040ab8a3aba4e3e309a11d7f2612f44dde450b5c157aa5f95c05.js?body=1" for ::1 at 2016-01-09 13:47:57 -0800


Started GET "/assets/user.self-877aef30ae1b040ab8a3aba4e3e309a11d7f2612f44dde450b5c157aa5f95c05.js?body=1" for ::1 at 2016-01-09 13:47:57 -0800


Started GET "/assets/d3.self-de547d79079192efe0f56942aa0b304a1454067e9d216303f9859536532034e3.js?body=1" for ::1 at 2016-01-09 13:47:57 -0800


Started GET "/assets/application.self-8ebd6d1fb4f53fab0bb7f40094664eb2e5e7b65c24693274dfbf607ee2005533.js?body=1" for ::1 at 2016-01-09 13:47:57 -0800


Started GET "/" for ::1 at 2016-01-09 13:49:15 -0800
Processing by PersonalityController#index as HTML
  Rendered personality/index.html.erb within layouts/application (0.1ms)
Completed 200 OK in 122ms (Views: 121.5ms | ActiveRecord: 0.0ms)


Started GET "/assets/comments.self-e3b0c44298fc1c149afbf4c8996fb92427ae41e4649b934ca495991b7852b855.css?body=1" for ::1 at 2016-01-09 13:49:15 -0800


Started GET "/assets/favorites.self-e3b0c44298fc1c149afbf4c8996fb92427ae41e4649b934ca495991b7852b855.css?body=1" for ::1 at 2016-01-09 13:49:15 -0800


Started GET "/assets/jquery.self-a714331225dda820228db323939889f149aec0127aeb06255646b616ba1ca419.js?body=1" for ::1 at 2016-01-09 13:49:15 -0800


Started GET "/assets/session.self-e3b0c44298fc1c149afbf4c8996fb92427ae41e4649b934ca495991b7852b855.css?body=1" for ::1 at 2016-01-09 13:49:15 -0800


Started GET "/assets/application.self-e80e8f2318043e8af94dddc2adad5a4f09739a8ebb323b3ab31cd71d45fd9113.css?body=1" for ::1 at 2016-01-09 13:49:15 -0800


Started GET "/assets/user.self-e3b0c44298fc1c149afbf4c8996fb92427ae41e4649b934ca495991b7852b855.css?body=1" for ::1 at 2016-01-09 13:49:15 -0800


Started GET "/assets/personality.self-e3b0c44298fc1c149afbf4c8996fb92427ae41e4649b934ca495991b7852b855.css?body=1" for ::1 at 2016-01-09 13:49:15 -0800


Started GET "/assets/jquery_ujs.self-d456baa54c1fa6be2ec3711f0a72ddf7a5b2f34a6b4f515f33767d6207b7d4b3.js?body=1" for ::1 at 2016-01-09 13:49:15 -0800


Started GET "/assets/turbolinks.self-c37727e9bd6b2735da5c311aa83fead54ed0be6cc8bd9a65309e9c5abe2cbfff.js?body=1" for ::1 at 2016-01-09 13:49:15 -0800


Started GET "/assets/comments.self-877aef30ae1b040ab8a3aba4e3e309a11d7f2612f44dde450b5c157aa5f95c05.js?body=1" for ::1 at 2016-01-09 13:49:15 -0800


Started GET "/assets/favorites.self-877aef30ae1b040ab8a3aba4e3e309a11d7f2612f44dde450b5c157aa5f95c05.js?body=1" for ::1 at 2016-01-09 13:49:15 -0800


Started GET "/assets/application.self-a40a1cd3095bda8d77ccef2de1514a7c478a8b0e8918b08ac4429a28e3e7c326.js?body=1" for ::1 at 2016-01-09 13:49:15 -0800


Started GET "/assets/personality.self-877aef30ae1b040ab8a3aba4e3e309a11d7f2612f44dde450b5c157aa5f95c05.js?body=1" for ::1 at 2016-01-09 13:49:15 -0800


Started GET "/assets/session.self-877aef30ae1b040ab8a3aba4e3e309a11d7f2612f44dde450b5c157aa5f95c05.js?body=1" for ::1 at 2016-01-09 13:49:15 -0800


Started GET "/assets/user.self-877aef30ae1b040ab8a3aba4e3e309a11d7f2612f44dde450b5c157aa5f95c05.js?body=1" for ::1 at 2016-01-09 13:49:15 -0800


Started GET "/assets/d3.self-de547d79079192efe0f56942aa0b304a1454067e9d216303f9859536532034e3.js?body=1" for ::1 at 2016-01-09 13:49:15 -0800


Started GET "/" for ::1 at 2016-01-09 13:51:17 -0800
Processing by PersonalityController#index as HTML
  Rendered personality/index.html.erb within layouts/application (0.0ms)
Completed 200 OK in 118ms (Views: 117.3ms | ActiveRecord: 0.0ms)


Started GET "/assets/comments.self-e3b0c44298fc1c149afbf4c8996fb92427ae41e4649b934ca495991b7852b855.css?body=1" for ::1 at 2016-01-09 13:51:17 -0800


Started GET "/assets/favorites.self-e3b0c44298fc1c149afbf4c8996fb92427ae41e4649b934ca495991b7852b855.css?body=1" for ::1 at 2016-01-09 13:51:17 -0800


Started GET "/assets/user.self-e3b0c44298fc1c149afbf4c8996fb92427ae41e4649b934ca495991b7852b855.css?body=1" for ::1 at 2016-01-09 13:51:17 -0800


Started GET "/assets/personality.self-e3b0c44298fc1c149afbf4c8996fb92427ae41e4649b934ca495991b7852b855.css?body=1" for ::1 at 2016-01-09 13:51:17 -0800


Started GET "/assets/application.self-e80e8f2318043e8af94dddc2adad5a4f09739a8ebb323b3ab31cd71d45fd9113.css?body=1" for ::1 at 2016-01-09 13:51:17 -0800


Started GET "/assets/session.self-e3b0c44298fc1c149afbf4c8996fb92427ae41e4649b934ca495991b7852b855.css?body=1" for ::1 at 2016-01-09 13:51:17 -0800


Started GET "/assets/jquery.self-a714331225dda820228db323939889f149aec0127aeb06255646b616ba1ca419.js?body=1" for ::1 at 2016-01-09 13:51:17 -0800


Started GET "/assets/jquery_ujs.self-d456baa54c1fa6be2ec3711f0a72ddf7a5b2f34a6b4f515f33767d6207b7d4b3.js?body=1" for ::1 at 2016-01-09 13:51:17 -0800


Started GET "/assets/turbolinks.self-c37727e9bd6b2735da5c311aa83fead54ed0be6cc8bd9a65309e9c5abe2cbfff.js?body=1" for ::1 at 2016-01-09 13:51:18 -0800


Started GET "/assets/comments.self-877aef30ae1b040ab8a3aba4e3e309a11d7f2612f44dde450b5c157aa5f95c05.js?body=1" for ::1 at 2016-01-09 13:51:18 -0800


Started GET "/assets/favorites.self-877aef30ae1b040ab8a3aba4e3e309a11d7f2612f44dde450b5c157aa5f95c05.js?body=1" for ::1 at 2016-01-09 13:51:18 -0800


Started GET "/assets/personality.self-877aef30ae1b040ab8a3aba4e3e309a11d7f2612f44dde450b5c157aa5f95c05.js?body=1" for ::1 at 2016-01-09 13:51:18 -0800


Started GET "/assets/session.self-877aef30ae1b040ab8a3aba4e3e309a11d7f2612f44dde450b5c157aa5f95c05.js?body=1" for ::1 at 2016-01-09 13:51:18 -0800


Started GET "/assets/user.self-877aef30ae1b040ab8a3aba4e3e309a11d7f2612f44dde450b5c157aa5f95c05.js?body=1" for ::1 at 2016-01-09 13:51:18 -0800


Started GET "/assets/application.self-cb6c32bd5134d1e9ec40f7471f7eea08b155fb9b3fffef65eeffae27fb9a476b.js?body=1" for ::1 at 2016-01-09 13:51:18 -0800


Started GET "/assets/d3.self-de547d79079192efe0f56942aa0b304a1454067e9d216303f9859536532034e3.js?body=1" for ::1 at 2016-01-09 13:51:18 -0800


Started GET "/" for ::1 at 2016-01-09 13:51:23 -0800
Processing by PersonalityController#index as HTML
  Rendered personality/index.html.erb within layouts/application (0.0ms)
Completed 200 OK in 127ms (Views: 126.2ms | ActiveRecord: 0.0ms)


Started GET "/assets/comments.self-e3b0c44298fc1c149afbf4c8996fb92427ae41e4649b934ca495991b7852b855.css?body=1" for ::1 at 2016-01-09 13:51:23 -0800


Started GET "/assets/favorites.self-e3b0c44298fc1c149afbf4c8996fb92427ae41e4649b934ca495991b7852b855.css?body=1" for ::1 at 2016-01-09 13:51:23 -0800


Started GET "/assets/application.self-e80e8f2318043e8af94dddc2adad5a4f09739a8ebb323b3ab31cd71d45fd9113.css?body=1" for ::1 at 2016-01-09 13:51:23 -0800


Started GET "/assets/personality.self-e3b0c44298fc1c149afbf4c8996fb92427ae41e4649b934ca495991b7852b855.css?body=1" for ::1 at 2016-01-09 13:51:23 -0800


Started GET "/assets/user.self-e3b0c44298fc1c149afbf4c8996fb92427ae41e4649b934ca495991b7852b855.css?body=1" for ::1 at 2016-01-09 13:51:23 -0800


Started GET "/assets/session.self-e3b0c44298fc1c149afbf4c8996fb92427ae41e4649b934ca495991b7852b855.css?body=1" for ::1 at 2016-01-09 13:51:23 -0800


Started GET "/assets/jquery.self-a714331225dda820228db323939889f149aec0127aeb06255646b616ba1ca419.js?body=1" for ::1 at 2016-01-09 13:51:23 -0800


Started GET "/assets/jquery_ujs.self-d456baa54c1fa6be2ec3711f0a72ddf7a5b2f34a6b4f515f33767d6207b7d4b3.js?body=1" for ::1 at 2016-01-09 13:51:23 -0800


Started GET "/assets/turbolinks.self-c37727e9bd6b2735da5c311aa83fead54ed0be6cc8bd9a65309e9c5abe2cbfff.js?body=1" for ::1 at 2016-01-09 13:51:23 -0800


Started GET "/assets/comments.self-877aef30ae1b040ab8a3aba4e3e309a11d7f2612f44dde450b5c157aa5f95c05.js?body=1" for ::1 at 2016-01-09 13:51:23 -0800


Started GET "/assets/favorites.self-877aef30ae1b040ab8a3aba4e3e309a11d7f2612f44dde450b5c157aa5f95c05.js?body=1" for ::1 at 2016-01-09 13:51:23 -0800


Started GET "/assets/personality.self-877aef30ae1b040ab8a3aba4e3e309a11d7f2612f44dde450b5c157aa5f95c05.js?body=1" for ::1 at 2016-01-09 13:51:23 -0800


Started GET "/assets/application.self-f72288379eeaeb6da742c50fc82edfad1ee004b228e82f4fb98af90797763091.js?body=1" for ::1 at 2016-01-09 13:51:23 -0800


Started GET "/assets/session.self-877aef30ae1b040ab8a3aba4e3e309a11d7f2612f44dde450b5c157aa5f95c05.js?body=1" for ::1 at 2016-01-09 13:51:23 -0800


Started GET "/assets/user.self-877aef30ae1b040ab8a3aba4e3e309a11d7f2612f44dde450b5c157aa5f95c05.js?body=1" for ::1 at 2016-01-09 13:51:23 -0800


Started GET "/assets/d3.self-de547d79079192efe0f56942aa0b304a1454067e9d216303f9859536532034e3.js?body=1" for ::1 at 2016-01-09 13:51:23 -0800


Started GET "/" for ::1 at 2016-01-09 13:52:26 -0800
Processing by PersonalityController#index as HTML
  Rendered personality/index.html.erb within layouts/application (0.0ms)
Completed 200 OK in 120ms (Views: 119.3ms | ActiveRecord: 0.0ms)


Started GET "/assets/comments.self-e3b0c44298fc1c149afbf4c8996fb92427ae41e4649b934ca495991b7852b855.css?body=1" for ::1 at 2016-01-09 13:52:26 -0800


Started GET "/assets/jquery.self-a714331225dda820228db323939889f149aec0127aeb06255646b616ba1ca419.js?body=1" for ::1 at 2016-01-09 13:52:26 -0800


Started GET "/assets/favorites.self-e3b0c44298fc1c149afbf4c8996fb92427ae41e4649b934ca495991b7852b855.css?body=1" for ::1 at 2016-01-09 13:52:26 -0800


Started GET "/assets/personality.self-e3b0c44298fc1c149afbf4c8996fb92427ae41e4649b934ca495991b7852b855.css?body=1" for ::1 at 2016-01-09 13:52:26 -0800


Started GET "/assets/jquery_ujs.self-d456baa54c1fa6be2ec3711f0a72ddf7a5b2f34a6b4f515f33767d6207b7d4b3.js?body=1" for ::1 at 2016-01-09 13:52:26 -0800


Started GET "/assets/session.self-e3b0c44298fc1c149afbf4c8996fb92427ae41e4649b934ca495991b7852b855.css?body=1" for ::1 at 2016-01-09 13:52:26 -0800


Started GET "/assets/application.self-e80e8f2318043e8af94dddc2adad5a4f09739a8ebb323b3ab31cd71d45fd9113.css?body=1" for ::1 at 2016-01-09 13:52:26 -0800


Started GET "/assets/user.self-e3b0c44298fc1c149afbf4c8996fb92427ae41e4649b934ca495991b7852b855.css?body=1" for ::1 at 2016-01-09 13:52:26 -0800


Started GET "/assets/turbolinks.self-c37727e9bd6b2735da5c311aa83fead54ed0be6cc8bd9a65309e9c5abe2cbfff.js?body=1" for ::1 at 2016-01-09 13:52:26 -0800


Started GET "/assets/application.self-9853e42fb66b834daa60dc22250ae1799c30c2bd9bf88e2bca0099c9c585b19c.js?body=1" for ::1 at 2016-01-09 13:52:26 -0800


Started GET "/assets/comments.self-877aef30ae1b040ab8a3aba4e3e309a11d7f2612f44dde450b5c157aa5f95c05.js?body=1" for ::1 at 2016-01-09 13:52:26 -0800


Started GET "/assets/favorites.self-877aef30ae1b040ab8a3aba4e3e309a11d7f2612f44dde450b5c157aa5f95c05.js?body=1" for ::1 at 2016-01-09 13:52:26 -0800


Started GET "/assets/personality.self-877aef30ae1b040ab8a3aba4e3e309a11d7f2612f44dde450b5c157aa5f95c05.js?body=1" for ::1 at 2016-01-09 13:52:26 -0800


Started GET "/assets/session.self-877aef30ae1b040ab8a3aba4e3e309a11d7f2612f44dde450b5c157aa5f95c05.js?body=1" for ::1 at 2016-01-09 13:52:26 -0800


Started GET "/assets/user.self-877aef30ae1b040ab8a3aba4e3e309a11d7f2612f44dde450b5c157aa5f95c05.js?body=1" for ::1 at 2016-01-09 13:52:26 -0800


Started GET "/assets/d3.self-de547d79079192efe0f56942aa0b304a1454067e9d216303f9859536532034e3.js?body=1" for ::1 at 2016-01-09 13:52:26 -0800


Started GET "/" for ::1 at 2016-01-09 13:52:46 -0800
Processing by PersonalityController#index as HTML
  Rendered personality/index.html.erb within layouts/application (0.0ms)
Completed 200 OK in 128ms (Views: 127.0ms | ActiveRecord: 0.0ms)


Started GET "/assets/favorites.self-e3b0c44298fc1c149afbf4c8996fb92427ae41e4649b934ca495991b7852b855.css?body=1" for ::1 at 2016-01-09 13:52:46 -0800


Started GET "/assets/application.self-e80e8f2318043e8af94dddc2adad5a4f09739a8ebb323b3ab31cd71d45fd9113.css?body=1" for ::1 at 2016-01-09 13:52:46 -0800


Started GET "/assets/user.self-e3b0c44298fc1c149afbf4c8996fb92427ae41e4649b934ca495991b7852b855.css?body=1" for ::1 at 2016-01-09 13:52:46 -0800


Started GET "/assets/comments.self-e3b0c44298fc1c149afbf4c8996fb92427ae41e4649b934ca495991b7852b855.css?body=1" for ::1 at 2016-01-09 13:52:46 -0800


Started GET "/assets/session.self-e3b0c44298fc1c149afbf4c8996fb92427ae41e4649b934ca495991b7852b855.css?body=1" for ::1 at 2016-01-09 13:52:46 -0800


Started GET "/assets/personality.self-e3b0c44298fc1c149afbf4c8996fb92427ae41e4649b934ca495991b7852b855.css?body=1" for ::1 at 2016-01-09 13:52:46 -0800


Started GET "/assets/jquery.self-a714331225dda820228db323939889f149aec0127aeb06255646b616ba1ca419.js?body=1" for ::1 at 2016-01-09 13:52:46 -0800


Started GET "/assets/jquery_ujs.self-d456baa54c1fa6be2ec3711f0a72ddf7a5b2f34a6b4f515f33767d6207b7d4b3.js?body=1" for ::1 at 2016-01-09 13:52:46 -0800


Started GET "/assets/turbolinks.self-c37727e9bd6b2735da5c311aa83fead54ed0be6cc8bd9a65309e9c5abe2cbfff.js?body=1" for ::1 at 2016-01-09 13:52:46 -0800


Started GET "/assets/comments.self-877aef30ae1b040ab8a3aba4e3e309a11d7f2612f44dde450b5c157aa5f95c05.js?body=1" for ::1 at 2016-01-09 13:52:46 -0800


Started GET "/assets/favorites.self-877aef30ae1b040ab8a3aba4e3e309a11d7f2612f44dde450b5c157aa5f95c05.js?body=1" for ::1 at 2016-01-09 13:52:46 -0800


Started GET "/assets/personality.self-877aef30ae1b040ab8a3aba4e3e309a11d7f2612f44dde450b5c157aa5f95c05.js?body=1" for ::1 at 2016-01-09 13:52:46 -0800


Started GET "/assets/session.self-877aef30ae1b040ab8a3aba4e3e309a11d7f2612f44dde450b5c157aa5f95c05.js?body=1" for ::1 at 2016-01-09 13:52:46 -0800


Started GET "/assets/application.self-db2feda30bae387f3296e46cb77c0a2451e40d75f1e11b0359f031fea79c0d4b.js?body=1" for ::1 at 2016-01-09 13:52:46 -0800


Started GET "/assets/user.self-877aef30ae1b040ab8a3aba4e3e309a11d7f2612f44dde450b5c157aa5f95c05.js?body=1" for ::1 at 2016-01-09 13:52:46 -0800


Started GET "/assets/d3.self-de547d79079192efe0f56942aa0b304a1454067e9d216303f9859536532034e3.js?body=1" for ::1 at 2016-01-09 13:52:46 -0800


Started GET "/" for ::1 at 2016-01-09 13:52:56 -0800
Processing by PersonalityController#index as HTML
  Rendered personality/index.html.erb within layouts/application (0.1ms)
Completed 200 OK in 127ms (Views: 126.5ms | ActiveRecord: 0.0ms)


Started GET "/assets/comments.self-e3b0c44298fc1c149afbf4c8996fb92427ae41e4649b934ca495991b7852b855.css?body=1" for ::1 at 2016-01-09 13:52:56 -0800


Started GET "/assets/favorites.self-e3b0c44298fc1c149afbf4c8996fb92427ae41e4649b934ca495991b7852b855.css?body=1" for ::1 at 2016-01-09 13:52:56 -0800


Started GET "/assets/personality.self-e3b0c44298fc1c149afbf4c8996fb92427ae41e4649b934ca495991b7852b855.css?body=1" for ::1 at 2016-01-09 13:52:56 -0800


Started GET "/assets/user.self-e3b0c44298fc1c149afbf4c8996fb92427ae41e4649b934ca495991b7852b855.css?body=1" for ::1 at 2016-01-09 13:52:56 -0800


Started GET "/assets/session.self-e3b0c44298fc1c149afbf4c8996fb92427ae41e4649b934ca495991b7852b855.css?body=1" for ::1 at 2016-01-09 13:52:56 -0800


Started GET "/assets/application.self-e80e8f2318043e8af94dddc2adad5a4f09739a8ebb323b3ab31cd71d45fd9113.css?body=1" for ::1 at 2016-01-09 13:52:56 -0800


Started GET "/assets/jquery.self-a714331225dda820228db323939889f149aec0127aeb06255646b616ba1ca419.js?body=1" for ::1 at 2016-01-09 13:52:56 -0800


Started GET "/assets/jquery_ujs.self-d456baa54c1fa6be2ec3711f0a72ddf7a5b2f34a6b4f515f33767d6207b7d4b3.js?body=1" for ::1 at 2016-01-09 13:52:56 -0800


Started GET "/assets/turbolinks.self-c37727e9bd6b2735da5c311aa83fead54ed0be6cc8bd9a65309e9c5abe2cbfff.js?body=1" for ::1 at 2016-01-09 13:52:56 -0800


Started GET "/assets/application.self-4dd8b06c7b621cf44f3e5b8fe96f98f2eea1153b2d578fa94cd64ac2baea2eeb.js?body=1" for ::1 at 2016-01-09 13:52:56 -0800


Started GET "/assets/comments.self-877aef30ae1b040ab8a3aba4e3e309a11d7f2612f44dde450b5c157aa5f95c05.js?body=1" for ::1 at 2016-01-09 13:52:56 -0800


Started GET "/assets/favorites.self-877aef30ae1b040ab8a3aba4e3e309a11d7f2612f44dde450b5c157aa5f95c05.js?body=1" for ::1 at 2016-01-09 13:52:56 -0800


Started GET "/assets/personality.self-877aef30ae1b040ab8a3aba4e3e309a11d7f2612f44dde450b5c157aa5f95c05.js?body=1" for ::1 at 2016-01-09 13:52:56 -0800


Started GET "/assets/session.self-877aef30ae1b040ab8a3aba4e3e309a11d7f2612f44dde450b5c157aa5f95c05.js?body=1" for ::1 at 2016-01-09 13:52:56 -0800


Started GET "/assets/user.self-877aef30ae1b040ab8a3aba4e3e309a11d7f2612f44dde450b5c157aa5f95c05.js?body=1" for ::1 at 2016-01-09 13:52:56 -0800


Started GET "/assets/d3.self-de547d79079192efe0f56942aa0b304a1454067e9d216303f9859536532034e3.js?body=1" for ::1 at 2016-01-09 13:52:56 -0800


Started GET "/" for ::1 at 2016-01-09 13:53:00 -0800
Processing by PersonalityController#index as HTML
  Rendered personality/index.html.erb within layouts/application (0.0ms)
Completed 200 OK in 148ms (Views: 147.4ms | ActiveRecord: 0.0ms)


Started GET "/assets/comments.self-e3b0c44298fc1c149afbf4c8996fb92427ae41e4649b934ca495991b7852b855.css?body=1" for ::1 at 2016-01-09 13:53:01 -0800


Started GET "/assets/favorites.self-e3b0c44298fc1c149afbf4c8996fb92427ae41e4649b934ca495991b7852b855.css?body=1" for ::1 at 2016-01-09 13:53:01 -0800


Started GET "/assets/application.self-e80e8f2318043e8af94dddc2adad5a4f09739a8ebb323b3ab31cd71d45fd9113.css?body=1" for ::1 at 2016-01-09 13:53:01 -0800


Started GET "/assets/session.self-e3b0c44298fc1c149afbf4c8996fb92427ae41e4649b934ca495991b7852b855.css?body=1" for ::1 at 2016-01-09 13:53:01 -0800


Started GET "/assets/user.self-e3b0c44298fc1c149afbf4c8996fb92427ae41e4649b934ca495991b7852b855.css?body=1" for ::1 at 2016-01-09 13:53:01 -0800


Started GET "/assets/personality.self-e3b0c44298fc1c149afbf4c8996fb92427ae41e4649b934ca495991b7852b855.css?body=1" for ::1 at 2016-01-09 13:53:01 -0800


Started GET "/assets/jquery.self-a714331225dda820228db323939889f149aec0127aeb06255646b616ba1ca419.js?body=1" for ::1 at 2016-01-09 13:53:01 -0800


Started GET "/assets/jquery_ujs.self-d456baa54c1fa6be2ec3711f0a72ddf7a5b2f34a6b4f515f33767d6207b7d4b3.js?body=1" for ::1 at 2016-01-09 13:53:01 -0800


Started GET "/assets/turbolinks.self-c37727e9bd6b2735da5c311aa83fead54ed0be6cc8bd9a65309e9c5abe2cbfff.js?body=1" for ::1 at 2016-01-09 13:53:01 -0800


Started GET "/assets/comments.self-877aef30ae1b040ab8a3aba4e3e309a11d7f2612f44dde450b5c157aa5f95c05.js?body=1" for ::1 at 2016-01-09 13:53:01 -0800


Started GET "/assets/favorites.self-877aef30ae1b040ab8a3aba4e3e309a11d7f2612f44dde450b5c157aa5f95c05.js?body=1" for ::1 at 2016-01-09 13:53:01 -0800


Started GET "/assets/personality.self-877aef30ae1b040ab8a3aba4e3e309a11d7f2612f44dde450b5c157aa5f95c05.js?body=1" for ::1 at 2016-01-09 13:53:01 -0800


Started GET "/assets/session.self-877aef30ae1b040ab8a3aba4e3e309a11d7f2612f44dde450b5c157aa5f95c05.js?body=1" for ::1 at 2016-01-09 13:53:01 -0800


Started GET "/assets/user.self-877aef30ae1b040ab8a3aba4e3e309a11d7f2612f44dde450b5c157aa5f95c05.js?body=1" for ::1 at 2016-01-09 13:53:01 -0800


Started GET "/assets/d3.self-de547d79079192efe0f56942aa0b304a1454067e9d216303f9859536532034e3.js?body=1" for ::1 at 2016-01-09 13:53:01 -0800


Started GET "/assets/application.self-2702eff0580821f80e9ce41240e95e7a896960d142846f8a32140dcc0eba7dfc.js?body=1" for ::1 at 2016-01-09 13:53:01 -0800


Started GET "/" for ::1 at 2016-01-09 13:53:09 -0800
Processing by PersonalityController#index as HTML
  Rendered personality/index.html.erb within layouts/application (0.0ms)
Completed 200 OK in 129ms (Views: 128.1ms | ActiveRecord: 0.0ms)


Started GET "/assets/comments.self-e3b0c44298fc1c149afbf4c8996fb92427ae41e4649b934ca495991b7852b855.css?body=1" for ::1 at 2016-01-09 13:53:09 -0800


Started GET "/assets/session.self-e3b0c44298fc1c149afbf4c8996fb92427ae41e4649b934ca495991b7852b855.css?body=1" for ::1 at 2016-01-09 13:53:09 -0800


Started GET "/assets/favorites.self-e3b0c44298fc1c149afbf4c8996fb92427ae41e4649b934ca495991b7852b855.css?body=1" for ::1 at 2016-01-09 13:53:09 -0800


Started GET "/assets/personality.self-e3b0c44298fc1c149afbf4c8996fb92427ae41e4649b934ca495991b7852b855.css?body=1" for ::1 at 2016-01-09 13:53:09 -0800


Started GET "/assets/user.self-e3b0c44298fc1c149afbf4c8996fb92427ae41e4649b934ca495991b7852b855.css?body=1" for ::1 at 2016-01-09 13:53:09 -0800


Started GET "/assets/application.self-e80e8f2318043e8af94dddc2adad5a4f09739a8ebb323b3ab31cd71d45fd9113.css?body=1" for ::1 at 2016-01-09 13:53:09 -0800


Started GET "/assets/jquery.self-a714331225dda820228db323939889f149aec0127aeb06255646b616ba1ca419.js?body=1" for ::1 at 2016-01-09 13:53:09 -0800


Started GET "/assets/jquery_ujs.self-d456baa54c1fa6be2ec3711f0a72ddf7a5b2f34a6b4f515f33767d6207b7d4b3.js?body=1" for ::1 at 2016-01-09 13:53:09 -0800


Started GET "/assets/turbolinks.self-c37727e9bd6b2735da5c311aa83fead54ed0be6cc8bd9a65309e9c5abe2cbfff.js?body=1" for ::1 at 2016-01-09 13:53:09 -0800


Started GET "/assets/comments.self-877aef30ae1b040ab8a3aba4e3e309a11d7f2612f44dde450b5c157aa5f95c05.js?body=1" for ::1 at 2016-01-09 13:53:09 -0800


Started GET "/assets/favorites.self-877aef30ae1b040ab8a3aba4e3e309a11d7f2612f44dde450b5c157aa5f95c05.js?body=1" for ::1 at 2016-01-09 13:53:09 -0800


Started GET "/assets/personality.self-877aef30ae1b040ab8a3aba4e3e309a11d7f2612f44dde450b5c157aa5f95c05.js?body=1" for ::1 at 2016-01-09 13:53:09 -0800


Started GET "/assets/session.self-877aef30ae1b040ab8a3aba4e3e309a11d7f2612f44dde450b5c157aa5f95c05.js?body=1" for ::1 at 2016-01-09 13:53:09 -0800


Started GET "/assets/user.self-877aef30ae1b040ab8a3aba4e3e309a11d7f2612f44dde450b5c157aa5f95c05.js?body=1" for ::1 at 2016-01-09 13:53:09 -0800


Started GET "/assets/d3.self-de547d79079192efe0f56942aa0b304a1454067e9d216303f9859536532034e3.js?body=1" for ::1 at 2016-01-09 13:53:09 -0800


Started GET "/assets/application.self-c1296a4c7524548de19ae008fd5e8d44120818a55d2c7429ae0a15de489c6ea5.js?body=1" for ::1 at 2016-01-09 13:53:09 -0800


Started GET "/" for ::1 at 2016-01-09 13:53:20 -0800
Processing by PersonalityController#index as HTML
  Rendered personality/index.html.erb within layouts/application (0.0ms)
Completed 200 OK in 25ms (Views: 24.8ms | ActiveRecord: 0.0ms)


Started GET "/assets/comments.self-e3b0c44298fc1c149afbf4c8996fb92427ae41e4649b934ca495991b7852b855.css?body=1" for ::1 at 2016-01-09 13:53:20 -0800


Started GET "/assets/personality.self-e3b0c44298fc1c149afbf4c8996fb92427ae41e4649b934ca495991b7852b855.css?body=1" for ::1 at 2016-01-09 13:53:20 -0800


Started GET "/assets/favorites.self-e3b0c44298fc1c149afbf4c8996fb92427ae41e4649b934ca495991b7852b855.css?body=1" for ::1 at 2016-01-09 13:53:20 -0800


Started GET "/assets/session.self-e3b0c44298fc1c149afbf4c8996fb92427ae41e4649b934ca495991b7852b855.css?body=1" for ::1 at 2016-01-09 13:53:20 -0800


Started GET "/assets/user.self-e3b0c44298fc1c149afbf4c8996fb92427ae41e4649b934ca495991b7852b855.css?body=1" for ::1 at 2016-01-09 13:53:20 -0800


Started GET "/assets/application.self-e80e8f2318043e8af94dddc2adad5a4f09739a8ebb323b3ab31cd71d45fd9113.css?body=1" for ::1 at 2016-01-09 13:53:20 -0800


Started GET "/assets/jquery.self-a714331225dda820228db323939889f149aec0127aeb06255646b616ba1ca419.js?body=1" for ::1 at 2016-01-09 13:53:20 -0800


Started GET "/assets/jquery_ujs.self-d456baa54c1fa6be2ec3711f0a72ddf7a5b2f34a6b4f515f33767d6207b7d4b3.js?body=1" for ::1 at 2016-01-09 13:53:20 -0800


Started GET "/assets/turbolinks.self-c37727e9bd6b2735da5c311aa83fead54ed0be6cc8bd9a65309e9c5abe2cbfff.js?body=1" for ::1 at 2016-01-09 13:53:20 -0800


Started GET "/assets/comments.self-877aef30ae1b040ab8a3aba4e3e309a11d7f2612f44dde450b5c157aa5f95c05.js?body=1" for ::1 at 2016-01-09 13:53:20 -0800


Started GET "/assets/favorites.self-877aef30ae1b040ab8a3aba4e3e309a11d7f2612f44dde450b5c157aa5f95c05.js?body=1" for ::1 at 2016-01-09 13:53:20 -0800


Started GET "/assets/personality.self-877aef30ae1b040ab8a3aba4e3e309a11d7f2612f44dde450b5c157aa5f95c05.js?body=1" for ::1 at 2016-01-09 13:53:20 -0800


Started GET "/assets/session.self-877aef30ae1b040ab8a3aba4e3e309a11d7f2612f44dde450b5c157aa5f95c05.js?body=1" for ::1 at 2016-01-09 13:53:20 -0800


Started GET "/assets/user.self-877aef30ae1b040ab8a3aba4e3e309a11d7f2612f44dde450b5c157aa5f95c05.js?body=1" for ::1 at 2016-01-09 13:53:20 -0800


Started GET "/assets/d3.self-de547d79079192efe0f56942aa0b304a1454067e9d216303f9859536532034e3.js?body=1" for ::1 at 2016-01-09 13:53:20 -0800


Started GET "/assets/application.self-2702eff0580821f80e9ce41240e95e7a896960d142846f8a32140dcc0eba7dfc.js?body=1" for ::1 at 2016-01-09 13:53:20 -0800


Started GET "/" for ::1 at 2016-01-09 13:53:41 -0800
Processing by PersonalityController#index as HTML
  Rendered personality/index.html.erb within layouts/application (0.0ms)
Completed 200 OK in 131ms (Views: 130.5ms | ActiveRecord: 0.0ms)


Started GET "/assets/comments.self-e3b0c44298fc1c149afbf4c8996fb92427ae41e4649b934ca495991b7852b855.css?body=1" for ::1 at 2016-01-09 13:53:41 -0800


Started GET "/assets/favorites.self-e3b0c44298fc1c149afbf4c8996fb92427ae41e4649b934ca495991b7852b855.css?body=1" for ::1 at 2016-01-09 13:53:41 -0800


Started GET "/assets/application.self-e80e8f2318043e8af94dddc2adad5a4f09739a8ebb323b3ab31cd71d45fd9113.css?body=1" for ::1 at 2016-01-09 13:53:41 -0800


Started GET "/assets/session.self-e3b0c44298fc1c149afbf4c8996fb92427ae41e4649b934ca495991b7852b855.css?body=1" for ::1 at 2016-01-09 13:53:41 -0800


Started GET "/assets/user.self-e3b0c44298fc1c149afbf4c8996fb92427ae41e4649b934ca495991b7852b855.css?body=1" for ::1 at 2016-01-09 13:53:41 -0800


Started GET "/assets/personality.self-e3b0c44298fc1c149afbf4c8996fb92427ae41e4649b934ca495991b7852b855.css?body=1" for ::1 at 2016-01-09 13:53:41 -0800


Started GET "/assets/jquery.self-a714331225dda820228db323939889f149aec0127aeb06255646b616ba1ca419.js?body=1" for ::1 at 2016-01-09 13:53:41 -0800


Started GET "/assets/jquery_ujs.self-d456baa54c1fa6be2ec3711f0a72ddf7a5b2f34a6b4f515f33767d6207b7d4b3.js?body=1" for ::1 at 2016-01-09 13:53:41 -0800


Started GET "/assets/turbolinks.self-c37727e9bd6b2735da5c311aa83fead54ed0be6cc8bd9a65309e9c5abe2cbfff.js?body=1" for ::1 at 2016-01-09 13:53:41 -0800


Started GET "/assets/comments.self-877aef30ae1b040ab8a3aba4e3e309a11d7f2612f44dde450b5c157aa5f95c05.js?body=1" for ::1 at 2016-01-09 13:53:41 -0800


Started GET "/assets/favorites.self-877aef30ae1b040ab8a3aba4e3e309a11d7f2612f44dde450b5c157aa5f95c05.js?body=1" for ::1 at 2016-01-09 13:53:41 -0800


Started GET "/assets/application.self-46e00dec6f6e57260930f7495cc0049a1d755a614f42543ef704863cad95f206.js?body=1" for ::1 at 2016-01-09 13:53:41 -0800


Started GET "/assets/personality.self-877aef30ae1b040ab8a3aba4e3e309a11d7f2612f44dde450b5c157aa5f95c05.js?body=1" for ::1 at 2016-01-09 13:53:41 -0800


Started GET "/assets/session.self-877aef30ae1b040ab8a3aba4e3e309a11d7f2612f44dde450b5c157aa5f95c05.js?body=1" for ::1 at 2016-01-09 13:53:41 -0800


Started GET "/assets/user.self-877aef30ae1b040ab8a3aba4e3e309a11d7f2612f44dde450b5c157aa5f95c05.js?body=1" for ::1 at 2016-01-09 13:53:41 -0800


Started GET "/assets/d3.self-de547d79079192efe0f56942aa0b304a1454067e9d216303f9859536532034e3.js?body=1" for ::1 at 2016-01-09 13:53:41 -0800
